<?xml version="1.0" encoding="UTF-8"?>
<!-- Generated by org.testng.reporters.JUnitReportReporter -->
<testsuite skipped="0" hostname="ip-172-31-86-137" name="test.Testcase1" tests="3" failures="0" timestamp="2021-10-26T03:25:43 UTC" time="0.012" errors="0">
  <testcase name="HomeloanTest" time="0.007" classname="test.Testcase1"/>
  <system-out/>
  <testcase name="CarLoanTest" time="0.003" classname="test.Testcase1"/>
  <system-out/>
  <testcase name="HomeloanTest1" time="0.002" classname="test.Testcase1"/>
  <system-out/>
</testsuite> <!-- test.Testcase1 -->
