<?xml version="1.0" encoding="UTF-8"?>
<!-- Generated by org.testng.reporters.JUnitReportReporter -->
<testsuite skipped="0" hostname="ip-172-31-86-137" name="test.LoginTest" tests="2" failures="0" timestamp="2021-10-26T06:49:15 UTC" time="9.202" errors="0">
  <testcase name="PositiveLogin" time="4.649" classname="test.LoginTest"/>
  <system-out/>
  <testcase name="NegativeLogin" time="4.553" classname="test.LoginTest"/>
  <system-out/>
</testsuite> <!-- test.LoginTest -->
