<?xml version="1.0" encoding="UTF-8"?>
<!-- Generated by org.testng.reporters.JUnitReportReporter -->
<testsuite skipped="0" hostname="ip-172-31-86-137" name="test.LoginTest" tests="2" failures="0" timestamp="2021-10-28T06:58:27 UTC" time="8.580" errors="0">
  <testcase name="NegativeLogin" time="4.052" classname="test.LoginTest"/>
  <system-out/>
  <testcase name="PositiveLogin" time="4.528" classname="test.LoginTest"/>
  <system-out/>
</testsuite> <!-- test.LoginTest -->
