<?xml version="1.0" encoding="UTF-8"?>
<!-- Generated by org.testng.reporters.JUnitReportReporter -->
<testsuite skipped="0" hostname="ip-172-31-86-137" name="test.Testcase2" tests="2" failures="0" timestamp="2021-10-25T07:27:55 UTC" time="0.012" errors="0">
  <testcase name="CreditCardTest" time="0.001" classname="test.Testcase2"/>
  <system-out/>
  <testcase name="CCtest" time="0.011" classname="test.Testcase2"/>
  <system-out/>
</testsuite> <!-- test.Testcase2 -->
